<?xml version="1.0" encoding="UTF-8"?>
<testsuite name="factorymethod.TestFactoryMethod" tests="3" skipped="0" failures="1" errors="0" timestamp="2025-09-22T18:59:11" hostname="lucas-ThinkPad" time="0.173">
  <properties/>
  <testcase name="testOrderChicagoPizza()" classname="factorymethod.TestFactoryMethod" time="0.106"/>
  <testcase name="testOrderNYPizza()" classname="factorymethod.TestFactoryMethod" time="0.022"/>
  <testcase name="testOrderArgentinaPizza()" classname="factorymethod.TestFactoryMethod" time="0.033">
    <failure message="java.lang.NullPointerException: Cannot invoke &quot;factorymethod.Pizza.getName()&quot; because &quot;pizza&quot; is null" type="java.lang.NullPointerException">java.lang.NullPointerException: Cannot invoke &quot;factorymethod.Pizza.getName()&quot; because &quot;pizza&quot; is null
	at factorymethod.PizzaStore.orderPizza(PizzaStore.java:9)
	at factorymethod.TestFactoryMethod.testOrderArgentinaPizza(TestFactoryMethod.java:45)
	at java.base/java.lang.reflect.Method.invoke(Method.java:580)
	at java.base/java.util.ArrayList.forEach(ArrayList.java:1596)
	at java.base/java.util.ArrayList.forEach(ArrayList.java:1596)
</failure>
  </testcase>
  <system-out><![CDATA[--- Making a Chicago Style Deep Dish Cheese Pizza ---
Prepare Chicago Style Deep Dish Cheese Pizza
Tossing dough...
Adding sauce...
Adding toppings: 
   Shredded Mozzarella Cheese
Bake for 25 minutes at 350
Cutting the pizza into square slices
Place pizza in official PizzaStore box
Joel ordered a Chicago Style Deep Dish Cheese Pizza

--- Making a Chicago Style Clam Pizza ---
Prepare Chicago Style Clam Pizza
Tossing dough...
Adding sauce...
Adding toppings: 
   Shredded Mozzarella Cheese
   Frozen Clams from Chesapeake Bay
Bake for 25 minutes at 350
Cutting the pizza into square slices
Place pizza in official PizzaStore box
Joel ordered a Chicago Style Clam Pizza

--- Making a Chicago Style Pepperoni Pizza ---
Prepare Chicago Style Pepperoni Pizza
Tossing dough...
Adding sauce...
Adding toppings: 
   Shredded Mozzarella Cheese
   Black Olives
   Spinach
   Eggplant
   Sliced Pepperoni
Bake for 25 minutes at 350
Cutting the pizza into square slices
Place pizza in official PizzaStore box
Joel ordered a Chicago Style Pepperoni Pizza

--- Making a Chicago Deep Dish Veggie Pizza ---
Prepare Chicago Deep Dish Veggie Pizza
Tossing dough...
Adding sauce...
Adding toppings: 
   Shredded Mozzarella Cheese
   Black Olives
   Spinach
   Eggplant
Bake for 25 minutes at 350
Cutting the pizza into square slices
Place pizza in official PizzaStore box
Joel ordered a Chicago Deep Dish Veggie Pizza

--- Making a NY Style Sauce and Cheese Pizza ---
Prepare NY Style Sauce and Cheese Pizza
Tossing dough...
Adding sauce...
Adding toppings: 
   Grated Reggiano Cheese
Bake for 25 minutes at 350
Cut the pizza into diagonal slices
Place pizza in official PizzaStore box
Ethan ordered a NY Style Sauce and Cheese Pizza

--- Making a NY Style Clam Pizza ---
Prepare NY Style Clam Pizza
Tossing dough...
Adding sauce...
Adding toppings: 
   Grated Reggiano Cheese
   Fresh Clams from Long Island Sound
Bake for 25 minutes at 350
Cut the pizza into diagonal slices
Place pizza in official PizzaStore box
Ethan ordered a NY Style Clam Pizza

--- Making a NY Style Pepperoni Pizza ---
Prepare NY Style Pepperoni Pizza
Tossing dough...
Adding sauce...
Adding toppings: 
   Grated Reggiano Cheese
   Sliced Pepperoni
   Garlic
   Onion
   Mushrooms
   Red Pepper
Bake for 25 minutes at 350
Cut the pizza into diagonal slices
Place pizza in official PizzaStore box
Ethan ordered a NY Style Pepperoni Pizza

--- Making a NY Style Veggie Pizza ---
Prepare NY Style Veggie Pizza
Tossing dough...
Adding sauce...
Adding toppings: 
   Grated Reggiano Cheese
   Garlic
   Onion
   Mushrooms
   Red Pepper
Bake for 25 minutes at 350
Cut the pizza into diagonal slices
Place pizza in official PizzaStore box
Ethan ordered a NY Style Veggie Pizza

]]></system-out>
  <system-err><![CDATA[]]></system-err>
</testsuite>
