<?xml version="1.0" encoding="UTF-8"?>
<testsuite name="abstractfactory.TestAbstractFactory" tests="2" skipped="0" failures="0" errors="0" timestamp="2025-09-22T18:59:11" hostname="lucas-ThinkPad" time="0.055">
  <properties/>
  <testcase name="testOrderChicagoPizza()" classname="abstractfactory.TestAbstractFactory" time="0.032"/>
  <testcase name="testOrderNYPizza()" classname="abstractfactory.TestAbstractFactory" time="0.019"/>
  <system-out><![CDATA[--- Making a Chicago Style Cheese Pizza ---
Preparing Chicago Style Cheese Pizza
Bake for 25 minutes at 350
Cutting the pizza into diagonal slices
Place pizza in official PizzaStore box
Joel ordered a ---- Chicago Style Cheese Pizza ----
ThickCrust style extra thick crust dough
Tomato sauce with plum tomatoes
Shredded Mozzarella


--- Making a Chicago Style Clam Pizza ---
Preparing Chicago Style Clam Pizza
Bake for 25 minutes at 350
Cutting the pizza into diagonal slices
Place pizza in official PizzaStore box
Joel ordered a ---- Chicago Style Clam Pizza ----
ThickCrust style extra thick crust dough
Tomato sauce with plum tomatoes
Shredded Mozzarella
Frozen Clams from Chesapeake Bay


--- Making a Chicago Style Pepperoni Pizza ---
Preparing Chicago Style Pepperoni Pizza
Bake for 25 minutes at 350
Cutting the pizza into diagonal slices
Place pizza in official PizzaStore box
Joel ordered a ---- Chicago Style Pepperoni Pizza ----
ThickCrust style extra thick crust dough
Tomato sauce with plum tomatoes
Shredded Mozzarella
Black Olives, Spinach, Eggplant
Sliced Pepperoni


--- Making a Chicago Style Veggie Pizza ---
Preparing Chicago Style Veggie Pizza
Bake for 25 minutes at 350
Cutting the pizza into diagonal slices
Place pizza in official PizzaStore box
Joel ordered a ---- Chicago Style Veggie Pizza ----
ThickCrust style extra thick crust dough
Tomato sauce with plum tomatoes
Shredded Mozzarella
Black Olives, Spinach, Eggplant


--- Making a New York Style Cheese Pizza ---
Preparing New York Style Cheese Pizza
Bake for 25 minutes at 350
Cutting the pizza into diagonal slices
Place pizza in official PizzaStore box
Ethan ordered a ---- New York Style Cheese Pizza ----
Thin Crust Dough
Marinara Sauce
Reggiano Cheese


--- Making a New York Style Clam Pizza ---
Preparing New York Style Clam Pizza
Bake for 25 minutes at 350
Cutting the pizza into diagonal slices
Place pizza in official PizzaStore box
Ethan ordered a ---- New York Style Clam Pizza ----
Thin Crust Dough
Marinara Sauce
Reggiano Cheese
Fresh Clams from Long Island Sound


--- Making a New York Style Pepperoni Pizza ---
Preparing New York Style Pepperoni Pizza
Bake for 25 minutes at 350
Cutting the pizza into diagonal slices
Place pizza in official PizzaStore box
Ethan ordered a ---- New York Style Pepperoni Pizza ----
Thin Crust Dough
Marinara Sauce
Reggiano Cheese
Garlic, Onion, Mushrooms, Red Pepper
Sliced Pepperoni


--- Making a New York Style Veggie Pizza ---
Preparing New York Style Veggie Pizza
Bake for 25 minutes at 350
Cutting the pizza into diagonal slices
Place pizza in official PizzaStore box
Ethan ordered a ---- New York Style Veggie Pizza ----
Thin Crust Dough
Marinara Sauce
Reggiano Cheese
Garlic, Onion, Mushrooms, Red Pepper


]]></system-out>
  <system-err><![CDATA[]]></system-err>
</testsuite>
