<?xml version="1.0" encoding="UTF-8"?>
<testsuite name="TestObservers" tests="5" skipped="0" failures="0" errors="0" timestamp="2025-09-22T12:41:55" hostname="lucas-ThinkPad" time="0.032">
  <properties/>
  <testcase name="testCentigradesDisplay()" classname="TestObservers" time="0.018"/>
  <testcase name="testObserverReceivesUpdate()" classname="TestObservers" time="0.003"/>
  <testcase name="testChangeObserverExecutionTime()" classname="TestObservers" time="0.004"/>
  <testcase name="testRemoveObserver()" classname="TestObservers" time="0.002"/>
  <testcase name="testThreeObservers()" classname="TestObservers" time="0.001"/>
  <system-out><![CDATA[Current conditions: 25.0 Centigrades and 65.0% humidity
Current conditions: 80.0F degrees and 65.0% humidity
Current conditions: 26.0 Centigrades and 70.0% humidity
Current conditions: 82.0F degrees and 70.0% humidity
Current conditions: 80.0F degrees and 65.0% humidity
Avg/Max/Min temperature = 80.0/80.0/80.0
Current conditions: 82.0F degrees and 70.0% humidity
Current conditions: 78.0F degrees and 90.0% humidity
Forecast: Watch out for cooler, rainy weather
Current conditions: 80.0F degrees and 65.0% humidity
Avg/Max/Min temperature = 80.0/80.0/80.0
Forecast: Improving weather on the way!
Current conditions: 82.0F degrees and 70.0% humidity
Avg/Max/Min temperature = 81.0/82.0/80.0
Forecast: Watch out for cooler, rainy weather
Current conditions: 78.0F degrees and 90.0% humidity
Avg/Max/Min temperature = 80.0/82.0/78.0
Forecast: More of the same
Current conditions: 62.0F degrees and 90.0% humidity
Avg/Max/Min temperature = 75.5/82.0/62.0
Current conditions: 80.0F degrees and 65.0% humidity
Avg/Max/Min temperature = 80.0/80.0/80.0
Forecast: Improving weather on the way!
Current conditions: 82.0F degrees and 70.0% humidity
Avg/Max/Min temperature = 81.0/82.0/80.0
Forecast: Watch out for cooler, rainy weather
Current conditions: 78.0F degrees and 90.0% humidity
Avg/Max/Min temperature = 80.0/82.0/78.0
Forecast: More of the same
]]></system-out>
  <system-err><![CDATA[]]></system-err>
</testsuite>
