<?xml version="1.0" encoding="UTF-8"?>
<testsuite name="mocks.ejercicio2.TestEjercicio2" tests="4" skipped="0" failures="0" errors="0" timestamp="2025-11-12T13:11:15.625Z" hostname="MacBook-Pro.local" time="0.095">
  <properties/>
  <testcase name="test1()" classname="mocks.ejercicio2.TestEjercicio2" time="0.086"/>
  <testcase name="test2()" classname="mocks.ejercicio2.TestEjercicio2" time="0.002"/>
  <testcase name="test3()" classname="mocks.ejercicio2.TestEjercicio2" time="0.002"/>
  <testcase name="test4()" classname="mocks.ejercicio2.TestEjercicio2" time="0.001"/>
  <system-out><![CDATA[]]></system-out>
  <system-err><![CDATA[]]></system-err>
</testsuite>
