<?xml version="1.0" encoding="UTF-8"?>
<testsuite name="ejercicio2.Testejercicio2" tests="5" skipped="0" failures="0" errors="0" timestamp="2025-11-11T22:41:27.630Z" hostname="MacBook-Pro.local" time="0.011">
  <properties/>
  <testcase name="testElemMid()" classname="ejercicio2.Testejercicio2" time="0.003"/>
  <testcase name="testNullElem()" classname="ejercicio2.Testejercicio2" time="0.003"/>
  <testcase name="testNullList()" classname="ejercicio2.Testejercicio2" time="0.001"/>
  <testcase name="testElemFirst()" classname="ejercicio2.Testejercicio2" time="0.001"/>
  <testcase name="testElemLast()" classname="ejercicio2.Testejercicio2" time="0.0"/>
  <system-out><![CDATA[]]></system-out>
  <system-err><![CDATA[]]></system-err>
</testsuite>
