<?xml version="1.0" encoding="UTF-8"?>
<testsuite name="ejercicio1.TestEjercicio1" tests="4" skipped="0" failures="0" errors="0" timestamp="2025-10-20T14:10:36" hostname="DESKTOP-TSIBRTP" time="0.018">
  <properties/>
  <testcase name="testAscFDesF()" classname="ejercicio1.TestEjercicio1" time="0.014"/>
  <testcase name="testAscFDesT()" classname="ejercicio1.TestEjercicio1" time="0.001"/>
  <testcase name="testAscTDesF()" classname="ejercicio1.TestEjercicio1" time="0.0"/>
  <testcase name="testAscTDesT()" classname="ejercicio1.TestEjercicio1" time="0.0"/>
  <system-out><![CDATA[]]></system-out>
  <system-err><![CDATA[]]></system-err>
</testsuite>
