<?xml version="1.0" encoding="UTF-8"?>
<testsuite name="ejercicio2.Testejercicio2" tests="5" skipped="0" failures="0" errors="0" timestamp="2025-10-16T14:06:34" hostname="lucas-Pc" time="0.02">
  <properties/>
  <testcase name="testElemMid()" classname="ejercicio2.Testejercicio2" time="0.015"/>
  <testcase name="testNullElem()" classname="ejercicio2.Testejercicio2" time="0.001"/>
  <testcase name="testNullList()" classname="ejercicio2.Testejercicio2" time="0.0"/>
  <testcase name="testElemFirst()" classname="ejercicio2.Testejercicio2" time="0.0"/>
  <testcase name="testElemLast()" classname="ejercicio2.Testejercicio2" time="0.0"/>
  <system-out><![CDATA[]]></system-out>
  <system-err><![CDATA[]]></system-err>
</testsuite>
