<?xml version="1.0" encoding="UTF-8"?>
<testsuite name="ejercicio6.TestEjercicio6" tests="3" skipped="0" failures="0" errors="0" timestamp="2025-11-06T19:12:25.914Z" hostname="MacBook-Pro.local" time="0.023">
  <properties/>
  <testcase name="testMetodoPatternIndexT11()" classname="ejercicio6.TestEjercicio6" time="0.007"/>
  <testcase name="testMetodoPatternIndexT14()" classname="ejercicio6.TestEjercicio6" time="0.005"/>
  <testcase name="testMetodoPatternIndexT8()" classname="ejercicio6.TestEjercicio6" time="0.007"/>
  <system-out><![CDATA[]]></system-out>
  <system-err><![CDATA[]]></system-err>
</testsuite>
