<?xml version="1.0" encoding="UTF-8"?>
<testsuite name="ejercicio5.TestEjercicio5" tests="14" skipped="0" failures="0" errors="0" timestamp="2025-10-27T17:32:55" hostname="lucas-ThinkPad" time="0.053">
  <properties/>
  <testcase name="testMetodoEnqueueT0()" classname="ejercicio5.TestEjercicio5" time="0.005"/>
  <testcase name="testMetodoEnqueueT1()" classname="ejercicio5.TestEjercicio5" time="0.001"/>
  <testcase name="testMetodoEnqueueT2()" classname="ejercicio5.TestEjercicio5" time="0.005"/>
  <testcase name="testMetodoIsFullT1()" classname="ejercicio5.TestEjercicio5" time="0.002"/>
  <testcase name="testMetodoIsFullT2()" classname="ejercicio5.TestEjercicio5" time="0.002"/>
  <testcase name="testMetodoBoundedQueueT1()" classname="ejercicio5.TestEjercicio5" time="0.001"/>
  <testcase name="testMetodoBoundedQueueT2()" classname="ejercicio5.TestEjercicio5" time="0.001"/>
  <testcase name="testMetodoBoundedQueueT3()" classname="ejercicio5.TestEjercicio5" time="0.001"/>
  <testcase name="testMetodoDeQueueT1()" classname="ejercicio5.TestEjercicio5" time="0.001"/>
  <testcase name="testMetodoDeQueueT2()" classname="ejercicio5.TestEjercicio5" time="0.001"/>
  <testcase name="testMetodoDeQueueT3()" classname="ejercicio5.TestEjercicio5" time="0.001"/>
  <testcase name="testMetodoIsEmptyT1()" classname="ejercicio5.TestEjercicio5" time="0.001"/>
  <testcase name="testMetodoIsEmptyT2()" classname="ejercicio5.TestEjercicio5" time="0.002"/>
  <testcase name="testMetodoIsEmptyT3()" classname="ejercicio5.TestEjercicio5" time="0.001"/>
  <system-out><![CDATA[]]></system-out>
  <system-err><![CDATA[]]></system-err>
</testsuite>
