<?xml version="1.0" encoding="UTF-8"?>
<testsuite name="ejercicio1.TestEjercicio1" tests="4" skipped="0" failures="0" errors="0" timestamp="2025-10-27T17:32:55" hostname="lucas-ThinkPad" time="0.014">
  <properties/>
  <testcase name="testAscFDesF()" classname="ejercicio1.TestEjercicio1" time="0.002"/>
  <testcase name="testAscFDesT()" classname="ejercicio1.TestEjercicio1" time="0.002"/>
  <testcase name="testAscTDesF()" classname="ejercicio1.TestEjercicio1" time="0.002"/>
  <testcase name="testAscTDesT()" classname="ejercicio1.TestEjercicio1" time="0.002"/>
  <system-out><![CDATA[]]></system-out>
  <system-err><![CDATA[]]></system-err>
</testsuite>
