<?xml version="1.0" encoding="UTF-8"?>
<testsuite name="ejercicio6.TestEjercicio6" tests="3" skipped="0" failures="0" errors="0" timestamp="2025-10-27T17:32:55" hostname="lucas-ThinkPad" time="0.038">
  <properties/>
  <testcase name="testMetodoPatternIndexT11()" classname="ejercicio6.TestEjercicio6" time="0.03"/>
  <testcase name="testMetodoPatternIndexT14()" classname="ejercicio6.TestEjercicio6" time="0.002"/>
  <testcase name="testMetodoPatternIndexT8()" classname="ejercicio6.TestEjercicio6" time="0.001"/>
  <system-out><![CDATA[]]></system-out>
  <system-err><![CDATA[]]></system-err>
</testsuite>
