<?xml version="1.0" encoding="UTF-8"?>
<testsuite name="TestGameLife" tests="3" skipped="0" failures="0" errors="0" timestamp="2025-09-15T13:43:15" hostname="lucas-ThinkPad" time="0.033">
  <properties/>
  <testcase name="testConwayRulesBirthAndSurvive()" classname="TestGameLife" time="0.026"/>
  <testcase name="testConwayRulesDieBirthSurvive()" classname="TestGameLife" time="0.002"/>
  <testcase name="testB36S23Replicator()" classname="TestGameLife" time="0.001"/>
  <system-out><![CDATA[]]></system-out>
  <system-err><![CDATA[]]></system-err>
</testsuite>
