<?xml version="1.0" encoding="UTF-8"?>
<testsuite name="TestGame" tests="5" skipped="0" failures="0" errors="0" timestamp="2025-08-26T13:52:02" hostname="lucas-ThinkPad" time="0.046">
  <properties/>
  <testcase name="testSpare()" classname="TestGame" time="0.029"/>
  <testcase name="testrollNegative()" classname="TestGame" time="0.003"/>
  <testcase name="testScoreSpare()" classname="TestGame" time="0.003"/>
  <testcase name="testStrikeInMiddle()" classname="TestGame" time="0.002"/>
  <testcase name="testStrike()" classname="TestGame" time="0.002"/>
  <system-out><![CDATA[]]></system-out>
  <system-err><![CDATA[]]></system-err>
</testsuite>
