<?xml version="1.0" encoding="UTF-8"?>
<testsuite name="TestFizzBuzz" tests="7" skipped="0" failures="0" errors="0" timestamp="2025-08-25T13:35:00" hostname="lucas-ThinkPad" time="0.055">
  <properties/>
  <testcase name="test15()" classname="TestFizzBuzz" time="0.033"/>
  <testcase name="test35()" classname="TestFizzBuzz" time="0.002"/>
  <testcase name="isNumber()" classname="TestFizzBuzz" time="0.002"/>
  <testcase name="testContains3()" classname="TestFizzBuzz" time="0.002"/>
  <testcase name="testContains5()" classname="TestFizzBuzz" time="0.002"/>
  <testcase name="testIsBuzz()" classname="TestFizzBuzz" time="0.001"/>
  <testcase name="testIsFizz()" classname="TestFizzBuzz" time="0.001"/>
  <system-out><![CDATA[]]></system-out>
  <system-err><![CDATA[]]></system-err>
</testsuite>
